<?xml version="1.0" encoding="UTF-8"?>
<!-- Generated by org.testng.reporters.JUnitReportReporter -->
<testsuite skipped="0" hostname="Denyss-MBP.home" name="com.nopcommerce.testCases.TC_SearchCustomerByName_005" tests="1" failures="0" timestamp="2020-03-15T18:31:14 EDT" time="12.544" errors="0">
  <testcase name="searchCustomerbyName" time="12.544" classname="com.nopcommerce.testCases.TC_SearchCustomerByName_005"/>
</testsuite> <!-- com.nopcommerce.testCases.TC_SearchCustomerByName_005 -->
