<?xml version="1.0" encoding="UTF-8"?>
<!-- Generated by org.testng.reporters.JUnitReportReporter -->
<testsuite skipped="0" hostname="Denyss-MBP.home" name="NewTest" tests="1" failures="0" timestamp="2020-03-04T19:40:25 EST" time="0.010" errors="0">
  <testcase name="f" time="0.010" classname="NewTest"/>
</testsuite> <!-- NewTest -->
